<?xml version="1.0" encoding="UTF-8"?>
<!-- Generated by org.testng.reporters.JUnitReportReporter -->
<testsuite hostname="LAPTOP-AP7814U4" failures="0" tests="3" name="Testng.TestFrames" time="1.480" errors="0" timestamp="2022-11-27T20:42:03 IST" skipped="0">
  <testcase classname="Testng.TestFrames" name="TestLaunchFrames" time="1.269"/>
  <system-out/>
  <testcase classname="Testng.TestFrames" name="TestFramesInPage" time="0.013"/>
  <system-out/>
  <testcase classname="Testng.TestFrames" name="TestFrameNavigation" time="0.198"/>
  <system-out/>
</testsuite> <!-- Testng.TestFrames -->
