<?xml version="1.0" encoding="UTF-8"?>
<!-- Generated by org.testng.reporters.JUnitReportReporter -->
<testsuite hostname="LAPTOP-AP7814U4" failures="0" tests="3" name="Testng.TestFrames" time="2.585" errors="0" timestamp="2022-11-29T15:28:18 IST" skipped="0">
  <testcase classname="Testng.TestFrames" name="TestLaunchFrames" time="2.054"/>
  <system-out/>
  <testcase classname="Testng.TestFrames" name="TestFramesInPage" time="0.022"/>
  <system-out/>
  <testcase classname="Testng.TestFrames" name="TestFrameNavigation" time="0.509"/>
  <system-out/>
</testsuite> <!-- Testng.TestFrames -->
